[0.551s] DEBUG:colcon:Command line arguments: ['/usr/bin/colcon', 'build']
[0.552s] DEBUG:colcon:Parsed command line arguments: Namespace(log_base=None, log_level=None, verb_name='build', build_base='build', install_base='install', merge_install=False, symlink_install=False, test_result_base=None, continue_on_error=False, executor='parallel', parallel_workers=4, event_handlers=None, ignore_user_meta=False, metas=['./colcon.meta'], base_paths=['.'], packages_ignore=None, packages_ignore_regex=None, paths=None, packages_up_to=None, packages_up_to_regex=None, packages_above=None, packages_above_and_dependencies=None, packages_above_depth=None, packages_select_by_dep=None, packages_skip_by_dep=None, packages_skip_up_to=None, packages_select_build_failed=False, packages_skip_build_finished=False, packages_select_test_failures=False, packages_skip_test_passed=False, packages_select=None, packages_skip=None, packages_select_regex=None, packages_skip_regex=None, packages_start=None, packages_end=None, cmake_args=None, cmake_target=None, cmake_target_skip_unavailable=False, cmake_clean_cache=False, cmake_clean_first=False, cmake_force_configure=False, ament_cmake_args=None, catkin_cmake_args=None, catkin_skip_building_tests=False, mixin_files=None, mixin=None, verb_parser=<colcon_mixin.mixin.mixin_argument.MixinArgumentDecorator object at 0xffffbb909ab0>, verb_extension=<colcon_core.verb.build.BuildVerb object at 0xffffbbaa60e0>, main=<bound method BuildVerb.main of <colcon_core.verb.build.BuildVerb object at 0xffffbbaa60e0>>, mixin_verb=('build',))
[1.135s] Level 1:colcon.colcon_core.package_discovery:discover_packages(colcon_meta) check parameters
[1.138s] INFO:colcon.colcon_metadata.package_discovery.colcon_meta:Using configuration from '/root/.colcon/metadata/default/Gazebo.meta'
[1.140s] INFO:colcon.colcon_metadata.package_discovery.colcon_meta:Using configuration from '/root/.colcon/metadata/default/fastdds.meta'
[1.142s] INFO:colcon.colcon_metadata.package_discovery.colcon_meta:Using configuration from '/root/.colcon/metadata/default/fastrtps.meta'
[1.142s] Level 1:colcon.colcon_core.package_discovery:discover_packages(recursive) check parameters
[1.143s] Level 1:colcon.colcon_core.package_discovery:discover_packages(ignore) check parameters
[1.143s] Level 1:colcon.colcon_core.package_discovery:discover_packages(path) check parameters
[1.143s] Level 1:colcon.colcon_core.package_discovery:discover_packages(colcon_meta) discover
[1.143s] Level 1:colcon.colcon_core.package_discovery:discover_packages(recursive) discover
[1.143s] INFO:colcon.colcon_core.package_discovery:Crawling recursively for packages in '/workspace'
[1.144s] Level 1:colcon.colcon_core.package_identification:_identify(.) by extensions ['ignore', 'ignore_ament_install']
[1.144s] Level 1:colcon.colcon_core.package_identification:_identify(.) by extension 'ignore'
[1.144s] Level 1:colcon.colcon_core.package_identification:_identify(.) by extension 'ignore_ament_install'
[1.145s] Level 1:colcon.colcon_core.package_identification:_identify(.) by extensions ['colcon_pkg']
[1.145s] Level 1:colcon.colcon_core.package_identification:_identify(.) by extension 'colcon_pkg'
[1.145s] Level 1:colcon.colcon_core.package_identification:_identify(.) by extensions ['colcon_meta']
[1.145s] Level 1:colcon.colcon_core.package_identification:_identify(.) by extension 'colcon_meta'
[1.145s] Level 1:colcon.colcon_core.package_identification:_identify(.) by extensions ['ros']
[1.145s] Level 1:colcon.colcon_core.package_identification:_identify(.) by extension 'ros'
[1.196s] Level 1:colcon.colcon_core.package_identification:_identify(.) by extensions ['cmake', 'python']
[1.196s] Level 1:colcon.colcon_core.package_identification:_identify(.) by extension 'cmake'
[1.196s] Level 1:colcon.colcon_core.package_identification:_identify(.) by extension 'python'
[1.196s] Level 1:colcon.colcon_core.package_identification:_identify(.) by extensions ['python_setup_py']
[1.196s] Level 1:colcon.colcon_core.package_identification:_identify(.) by extension 'python_setup_py'
[1.197s] Level 1:colcon.colcon_core.package_identification:_identify(build) by extensions ['ignore', 'ignore_ament_install']
[1.197s] Level 1:colcon.colcon_core.package_identification:_identify(build) by extension 'ignore'
[1.197s] Level 1:colcon.colcon_core.package_identification:_identify(build) ignored
[1.198s] Level 1:colcon.colcon_core.package_identification:_identify(install) by extensions ['ignore', 'ignore_ament_install']
[1.198s] Level 1:colcon.colcon_core.package_identification:_identify(install) by extension 'ignore'
[1.199s] Level 1:colcon.colcon_core.package_identification:_identify(install) ignored
[1.199s] Level 1:colcon.colcon_core.package_identification:_identify(log) by extensions ['ignore', 'ignore_ament_install']
[1.199s] Level 1:colcon.colcon_core.package_identification:_identify(log) by extension 'ignore'
[1.200s] Level 1:colcon.colcon_core.package_identification:_identify(log) ignored
[1.200s] Level 1:colcon.colcon_core.package_identification:_identify(src) by extensions ['ignore', 'ignore_ament_install']
[1.200s] Level 1:colcon.colcon_core.package_identification:_identify(src) by extension 'ignore'
[1.200s] Level 1:colcon.colcon_core.package_identification:_identify(src) by extension 'ignore_ament_install'
[1.201s] Level 1:colcon.colcon_core.package_identification:_identify(src) by extensions ['colcon_pkg']
[1.201s] Level 1:colcon.colcon_core.package_identification:_identify(src) by extension 'colcon_pkg'
[1.201s] Level 1:colcon.colcon_core.package_identification:_identify(src) by extensions ['colcon_meta']
[1.201s] Level 1:colcon.colcon_core.package_identification:_identify(src) by extension 'colcon_meta'
[1.201s] Level 1:colcon.colcon_core.package_identification:_identify(src) by extensions ['ros']
[1.201s] Level 1:colcon.colcon_core.package_identification:_identify(src) by extension 'ros'
[1.202s] Level 1:colcon.colcon_core.package_identification:_identify(src) by extensions ['cmake', 'python']
[1.202s] Level 1:colcon.colcon_core.package_identification:_identify(src) by extension 'cmake'
[1.202s] Level 1:colcon.colcon_core.package_identification:_identify(src) by extension 'python'
[1.202s] Level 1:colcon.colcon_core.package_identification:_identify(src) by extensions ['python_setup_py']
[1.202s] Level 1:colcon.colcon_core.package_identification:_identify(src) by extension 'python_setup_py'
[1.203s] Level 1:colcon.colcon_core.package_identification:_identify(src/Lslidar) by extensions ['ignore', 'ignore_ament_install']
[1.203s] Level 1:colcon.colcon_core.package_identification:_identify(src/Lslidar) by extension 'ignore'
[1.203s] Level 1:colcon.colcon_core.package_identification:_identify(src/Lslidar) by extension 'ignore_ament_install'
[1.204s] Level 1:colcon.colcon_core.package_identification:_identify(src/Lslidar) by extensions ['colcon_pkg']
[1.204s] Level 1:colcon.colcon_core.package_identification:_identify(src/Lslidar) by extension 'colcon_pkg'
[1.204s] Level 1:colcon.colcon_core.package_identification:_identify(src/Lslidar) by extensions ['colcon_meta']
[1.204s] Level 1:colcon.colcon_core.package_identification:_identify(src/Lslidar) by extension 'colcon_meta'
[1.204s] Level 1:colcon.colcon_core.package_identification:_identify(src/Lslidar) by extensions ['ros']
[1.204s] Level 1:colcon.colcon_core.package_identification:_identify(src/Lslidar) by extension 'ros'
[1.205s] Level 1:colcon.colcon_core.package_identification:_identify(src/Lslidar) by extensions ['cmake', 'python']
[1.205s] Level 1:colcon.colcon_core.package_identification:_identify(src/Lslidar) by extension 'cmake'
[1.205s] Level 1:colcon.colcon_core.package_identification:_identify(src/Lslidar) by extension 'python'
[1.205s] Level 1:colcon.colcon_core.package_identification:_identify(src/Lslidar) by extensions ['python_setup_py']
[1.205s] Level 1:colcon.colcon_core.package_identification:_identify(src/Lslidar) by extension 'python_setup_py'
[1.206s] Level 1:colcon.colcon_core.package_identification:_identify(src/Lslidar/lslidar_driver) by extensions ['ignore', 'ignore_ament_install']
[1.206s] Level 1:colcon.colcon_core.package_identification:_identify(src/Lslidar/lslidar_driver) by extension 'ignore'
[1.206s] Level 1:colcon.colcon_core.package_identification:_identify(src/Lslidar/lslidar_driver) by extension 'ignore_ament_install'
[1.207s] Level 1:colcon.colcon_core.package_identification:_identify(src/Lslidar/lslidar_driver) by extensions ['colcon_pkg']
[1.207s] Level 1:colcon.colcon_core.package_identification:_identify(src/Lslidar/lslidar_driver) by extension 'colcon_pkg'
[1.207s] Level 1:colcon.colcon_core.package_identification:_identify(src/Lslidar/lslidar_driver) by extensions ['colcon_meta']
[1.207s] Level 1:colcon.colcon_core.package_identification:_identify(src/Lslidar/lslidar_driver) by extension 'colcon_meta'
[1.207s] Level 1:colcon.colcon_core.package_identification:_identify(src/Lslidar/lslidar_driver) by extensions ['ros']
[1.207s] Level 1:colcon.colcon_core.package_identification:_identify(src/Lslidar/lslidar_driver) by extension 'ros'
[1.218s] DEBUG:colcon.colcon_core.package_identification:Package 'src/Lslidar/lslidar_driver' with type 'ros.ament_cmake' and name 'lslidar_driver'
[1.219s] Level 1:colcon.colcon_core.package_identification:_identify(src/Lslidar/lslidar_msgs) by extensions ['ignore', 'ignore_ament_install']
[1.219s] Level 1:colcon.colcon_core.package_identification:_identify(src/Lslidar/lslidar_msgs) by extension 'ignore'
[1.220s] Level 1:colcon.colcon_core.package_identification:_identify(src/Lslidar/lslidar_msgs) by extension 'ignore_ament_install'
[1.220s] Level 1:colcon.colcon_core.package_identification:_identify(src/Lslidar/lslidar_msgs) by extensions ['colcon_pkg']
[1.220s] Level 1:colcon.colcon_core.package_identification:_identify(src/Lslidar/lslidar_msgs) by extension 'colcon_pkg'
[1.220s] Level 1:colcon.colcon_core.package_identification:_identify(src/Lslidar/lslidar_msgs) by extensions ['colcon_meta']
[1.220s] Level 1:colcon.colcon_core.package_identification:_identify(src/Lslidar/lslidar_msgs) by extension 'colcon_meta'
[1.221s] Level 1:colcon.colcon_core.package_identification:_identify(src/Lslidar/lslidar_msgs) by extensions ['ros']
[1.221s] Level 1:colcon.colcon_core.package_identification:_identify(src/Lslidar/lslidar_msgs) by extension 'ros'
[1.223s] DEBUG:colcon.colcon_core.package_identification:Package 'src/Lslidar/lslidar_msgs' with type 'ros.ament_cmake' and name 'lslidar_msgs'
[1.223s] Level 1:colcon.colcon_core.package_discovery:discover_packages(recursive) using defaults
[1.224s] Level 1:colcon.colcon_core.package_discovery:discover_packages(ignore) discover
[1.224s] Level 1:colcon.colcon_core.package_discovery:discover_packages(ignore) using defaults
[1.224s] Level 1:colcon.colcon_core.package_discovery:discover_packages(path) discover
[1.224s] Level 1:colcon.colcon_core.package_discovery:discover_packages(path) using defaults
[1.312s] Level 5:colcon.colcon_core.verb:set package 'lslidar_msgs' build argument 'cmake_args' from command line to 'None'
[1.312s] Level 5:colcon.colcon_core.verb:set package 'lslidar_msgs' build argument 'cmake_target' from command line to 'None'
[1.312s] Level 5:colcon.colcon_core.verb:set package 'lslidar_msgs' build argument 'cmake_target_skip_unavailable' from command line to 'False'
[1.312s] Level 5:colcon.colcon_core.verb:set package 'lslidar_msgs' build argument 'cmake_clean_cache' from command line to 'False'
[1.312s] Level 5:colcon.colcon_core.verb:set package 'lslidar_msgs' build argument 'cmake_clean_first' from command line to 'False'
[1.312s] Level 5:colcon.colcon_core.verb:set package 'lslidar_msgs' build argument 'cmake_force_configure' from command line to 'False'
[1.312s] Level 5:colcon.colcon_core.verb:set package 'lslidar_msgs' build argument 'ament_cmake_args' from command line to 'None'
[1.312s] Level 5:colcon.colcon_core.verb:set package 'lslidar_msgs' build argument 'catkin_cmake_args' from command line to 'None'
[1.313s] Level 5:colcon.colcon_core.verb:set package 'lslidar_msgs' build argument 'catkin_skip_building_tests' from command line to 'False'
[1.313s] DEBUG:colcon.colcon_core.verb:Building package 'lslidar_msgs' with the following arguments: {'ament_cmake_args': None, 'build_base': '/workspace/build/lslidar_msgs', 'catkin_cmake_args': None, 'catkin_skip_building_tests': False, 'cmake_args': None, 'cmake_clean_cache': False, 'cmake_clean_first': False, 'cmake_force_configure': False, 'cmake_target': None, 'cmake_target_skip_unavailable': False, 'install_base': '/workspace/install/lslidar_msgs', 'merge_install': False, 'path': '/workspace/src/Lslidar/lslidar_msgs', 'symlink_install': False, 'test_result_base': None}
[1.314s] Level 5:colcon.colcon_core.verb:set package 'lslidar_driver' build argument 'cmake_args' from command line to 'None'
[1.314s] Level 5:colcon.colcon_core.verb:set package 'lslidar_driver' build argument 'cmake_target' from command line to 'None'
[1.315s] Level 5:colcon.colcon_core.verb:set package 'lslidar_driver' build argument 'cmake_target_skip_unavailable' from command line to 'False'
[1.315s] Level 5:colcon.colcon_core.verb:set package 'lslidar_driver' build argument 'cmake_clean_cache' from command line to 'False'
[1.315s] Level 5:colcon.colcon_core.verb:set package 'lslidar_driver' build argument 'cmake_clean_first' from command line to 'False'
[1.315s] Level 5:colcon.colcon_core.verb:set package 'lslidar_driver' build argument 'cmake_force_configure' from command line to 'False'
[1.315s] Level 5:colcon.colcon_core.verb:set package 'lslidar_driver' build argument 'ament_cmake_args' from command line to 'None'
[1.315s] Level 5:colcon.colcon_core.verb:set package 'lslidar_driver' build argument 'catkin_cmake_args' from command line to 'None'
[1.315s] Level 5:colcon.colcon_core.verb:set package 'lslidar_driver' build argument 'catkin_skip_building_tests' from command line to 'False'
[1.315s] DEBUG:colcon.colcon_core.verb:Building package 'lslidar_driver' with the following arguments: {'ament_cmake_args': None, 'build_base': '/workspace/build/lslidar_driver', 'catkin_cmake_args': None, 'catkin_skip_building_tests': False, 'cmake_args': None, 'cmake_clean_cache': False, 'cmake_clean_first': False, 'cmake_force_configure': False, 'cmake_target': None, 'cmake_target_skip_unavailable': False, 'install_base': '/workspace/install/lslidar_driver', 'merge_install': False, 'path': '/workspace/src/Lslidar/lslidar_driver', 'symlink_install': False, 'test_result_base': None}
[1.316s] INFO:colcon.colcon_core.executor:Executing jobs using 'parallel' executor
[1.320s] DEBUG:colcon.colcon_parallel_executor.executor.parallel:run_until_complete
[1.321s] INFO:colcon.colcon_ros.task.ament_cmake.build:Building ROS package in '/workspace/src/Lslidar/lslidar_msgs' with build type 'ament_cmake'
[1.322s] INFO:colcon.colcon_cmake.task.cmake.build:Building CMake package in '/workspace/src/Lslidar/lslidar_msgs'
[1.335s] INFO:colcon.colcon_core.plugin_system:Skipping extension 'colcon_core.shell.bat': Not used on non-Windows systems
[1.336s] INFO:colcon.colcon_core.shell:Skip shell extension 'powershell' for command environment: Not usable outside of PowerShell
[1.336s] DEBUG:colcon.colcon_core.shell:Skip shell extension 'dsv' for command environment
[1.372s] DEBUG:colcon.colcon_core.event_handler.log_command:Invoking command in '/workspace/build/lslidar_msgs': CMAKE_PREFIX_PATH=/opt/ros/humble /usr/bin/cmake /workspace/src/Lslidar/lslidar_msgs -DCMAKE_INSTALL_PREFIX=/workspace/install/lslidar_msgs
[11.541s] DEBUG:colcon.colcon_core.event_handler.log_command:Invoked command in '/workspace/build/lslidar_msgs' returned '0': CMAKE_PREFIX_PATH=/opt/ros/humble /usr/bin/cmake /workspace/src/Lslidar/lslidar_msgs -DCMAKE_INSTALL_PREFIX=/workspace/install/lslidar_msgs
[11.550s] DEBUG:colcon.colcon_core.event_handler.log_command:Invoking command in '/workspace/build/lslidar_msgs': CMAKE_PREFIX_PATH=/opt/ros/humble /usr/bin/cmake --build /workspace/build/lslidar_msgs -- -j4 -l4
[52.463s] DEBUG:colcon.colcon_core.event_handler.log_command:Invoked command in '/workspace/build/lslidar_msgs' returned '0': CMAKE_PREFIX_PATH=/opt/ros/humble /usr/bin/cmake --build /workspace/build/lslidar_msgs -- -j4 -l4
[52.523s] DEBUG:colcon.colcon_core.event_handler.log_command:Invoking command in '/workspace/build/lslidar_msgs': CMAKE_PREFIX_PATH=/opt/ros/humble /usr/bin/cmake --install /workspace/build/lslidar_msgs
[53.123s] Level 1:colcon.colcon_core.environment:create_environment_scripts_only(lslidar_msgs)
[53.125s] DEBUG:colcon.colcon_core.event_handler.log_command:Invoked command in '/workspace/build/lslidar_msgs' returned '0': CMAKE_PREFIX_PATH=/opt/ros/humble /usr/bin/cmake --install /workspace/build/lslidar_msgs
[53.141s] Level 1:colcon.colcon_core.environment:checking '/workspace/install/lslidar_msgs' for CMake module files
[53.145s] Level 1:colcon.colcon_core.environment:checking '/workspace/install/lslidar_msgs' for CMake config files
[53.148s] Level 1:colcon.colcon_core.shell:create_environment_hook('lslidar_msgs', 'cmake_prefix_path')
[53.149s] INFO:colcon.colcon_core.shell:Creating environment hook '/workspace/install/lslidar_msgs/share/lslidar_msgs/hook/cmake_prefix_path.ps1'
[53.152s] INFO:colcon.colcon_core.shell:Creating environment descriptor '/workspace/install/lslidar_msgs/share/lslidar_msgs/hook/cmake_prefix_path.dsv'
[53.154s] INFO:colcon.colcon_core.shell:Creating environment hook '/workspace/install/lslidar_msgs/share/lslidar_msgs/hook/cmake_prefix_path.sh'
[53.158s] Level 1:colcon.colcon_core.environment:checking '/workspace/install/lslidar_msgs/lib'
[53.159s] Level 1:colcon.colcon_core.shell:create_environment_hook('lslidar_msgs', 'ld_library_path_lib')
[53.160s] INFO:colcon.colcon_core.shell:Creating environment hook '/workspace/install/lslidar_msgs/share/lslidar_msgs/hook/ld_library_path_lib.ps1'
[53.162s] INFO:colcon.colcon_core.shell:Creating environment descriptor '/workspace/install/lslidar_msgs/share/lslidar_msgs/hook/ld_library_path_lib.dsv'
[53.164s] INFO:colcon.colcon_core.shell:Creating environment hook '/workspace/install/lslidar_msgs/share/lslidar_msgs/hook/ld_library_path_lib.sh'
[53.166s] Level 1:colcon.colcon_core.environment:checking '/workspace/install/lslidar_msgs/bin'
[53.166s] Level 1:colcon.colcon_core.environment:checking '/workspace/install/lslidar_msgs/lib/pkgconfig/lslidar_msgs.pc'
[53.174s] Level 1:colcon.colcon_core.environment:checking '/workspace/install/lslidar_msgs/lib/python3.10/site-packages'
[53.175s] Level 1:colcon.colcon_core.environment:checking '/workspace/install/lslidar_msgs/bin'
[53.177s] INFO:colcon.colcon_core.shell:Creating package script '/workspace/install/lslidar_msgs/share/lslidar_msgs/package.ps1'
[53.180s] INFO:colcon.colcon_core.shell:Creating package descriptor '/workspace/install/lslidar_msgs/share/lslidar_msgs/package.dsv'
[53.184s] INFO:colcon.colcon_core.shell:Creating package script '/workspace/install/lslidar_msgs/share/lslidar_msgs/package.sh'
[53.187s] INFO:colcon.colcon_core.shell:Creating package script '/workspace/install/lslidar_msgs/share/lslidar_msgs/package.bash'
[53.191s] INFO:colcon.colcon_core.shell:Creating package script '/workspace/install/lslidar_msgs/share/lslidar_msgs/package.zsh'
[53.195s] Level 1:colcon.colcon_core.environment:create_file_with_runtime_dependencies(/workspace/install/lslidar_msgs/share/colcon-core/packages/lslidar_msgs)
[53.199s] Level 1:colcon.colcon_core.environment:create_environment_scripts_only(lslidar_msgs)
[53.199s] Level 1:colcon.colcon_core.environment:checking '/workspace/install/lslidar_msgs' for CMake module files
[53.204s] Level 1:colcon.colcon_core.environment:checking '/workspace/install/lslidar_msgs' for CMake config files
[53.207s] Level 1:colcon.colcon_core.shell:create_environment_hook('lslidar_msgs', 'cmake_prefix_path')
[53.209s] INFO:colcon.colcon_core.shell:Creating environment hook '/workspace/install/lslidar_msgs/share/lslidar_msgs/hook/cmake_prefix_path.ps1'
[53.211s] INFO:colcon.colcon_core.shell:Creating environment descriptor '/workspace/install/lslidar_msgs/share/lslidar_msgs/hook/cmake_prefix_path.dsv'
[53.214s] INFO:colcon.colcon_core.shell:Creating environment hook '/workspace/install/lslidar_msgs/share/lslidar_msgs/hook/cmake_prefix_path.sh'
[53.218s] Level 1:colcon.colcon_core.environment:checking '/workspace/install/lslidar_msgs/lib'
[53.218s] Level 1:colcon.colcon_core.shell:create_environment_hook('lslidar_msgs', 'ld_library_path_lib')
[53.219s] INFO:colcon.colcon_core.shell:Creating environment hook '/workspace/install/lslidar_msgs/share/lslidar_msgs/hook/ld_library_path_lib.ps1'
[53.221s] INFO:colcon.colcon_core.shell:Creating environment descriptor '/workspace/install/lslidar_msgs/share/lslidar_msgs/hook/ld_library_path_lib.dsv'
[53.223s] INFO:colcon.colcon_core.shell:Creating environment hook '/workspace/install/lslidar_msgs/share/lslidar_msgs/hook/ld_library_path_lib.sh'
[53.226s] Level 1:colcon.colcon_core.environment:checking '/workspace/install/lslidar_msgs/bin'
[53.226s] Level 1:colcon.colcon_core.environment:checking '/workspace/install/lslidar_msgs/lib/pkgconfig/lslidar_msgs.pc'
[53.227s] Level 1:colcon.colcon_core.environment:checking '/workspace/install/lslidar_msgs/lib/python3.10/site-packages'
[53.228s] Level 1:colcon.colcon_core.environment:checking '/workspace/install/lslidar_msgs/bin'
[53.229s] INFO:colcon.colcon_core.shell:Creating package script '/workspace/install/lslidar_msgs/share/lslidar_msgs/package.ps1'
[53.232s] INFO:colcon.colcon_core.shell:Creating package descriptor '/workspace/install/lslidar_msgs/share/lslidar_msgs/package.dsv'
[53.235s] INFO:colcon.colcon_core.shell:Creating package script '/workspace/install/lslidar_msgs/share/lslidar_msgs/package.sh'
[53.238s] INFO:colcon.colcon_core.shell:Creating package script '/workspace/install/lslidar_msgs/share/lslidar_msgs/package.bash'
[53.242s] INFO:colcon.colcon_core.shell:Creating package script '/workspace/install/lslidar_msgs/share/lslidar_msgs/package.zsh'
[53.244s] Level 1:colcon.colcon_core.environment:create_file_with_runtime_dependencies(/workspace/install/lslidar_msgs/share/colcon-core/packages/lslidar_msgs)
[53.246s] INFO:colcon.colcon_ros.task.ament_cmake.build:Building ROS package in '/workspace/src/Lslidar/lslidar_driver' with build type 'ament_cmake'
[53.247s] INFO:colcon.colcon_cmake.task.cmake.build:Building CMake package in '/workspace/src/Lslidar/lslidar_driver'
[53.248s] INFO:colcon.colcon_core.shell:Skip shell extension 'powershell' for command environment: Not usable outside of PowerShell
[53.249s] DEBUG:colcon.colcon_core.shell:Skip shell extension 'dsv' for command environment
[53.298s] DEBUG:colcon.colcon_core.event_handler.log_command:Invoking command in '/workspace/build/lslidar_driver': AMENT_PREFIX_PATH=/workspace/install/lslidar_msgs:${AMENT_PREFIX_PATH} CMAKE_PREFIX_PATH=/workspace/install/lslidar_msgs:/opt/ros/humble LD_LIBRARY_PATH=/workspace/install/lslidar_msgs/lib:${LD_LIBRARY_PATH} PYTHONPATH=/workspace/install/lslidar_msgs/local/lib/python3.10/dist-packages:${PYTHONPATH} /usr/bin/cmake /workspace/src/Lslidar/lslidar_driver -DCMAKE_INSTALL_PREFIX=/workspace/install/lslidar_driver
[56.012s] DEBUG:colcon.colcon_core.event_handler.log_command:Invoked command in '/workspace/build/lslidar_driver' returned '1': AMENT_PREFIX_PATH=/workspace/install/lslidar_msgs:${AMENT_PREFIX_PATH} CMAKE_PREFIX_PATH=/workspace/install/lslidar_msgs:/opt/ros/humble LD_LIBRARY_PATH=/workspace/install/lslidar_msgs/lib:${LD_LIBRARY_PATH} PYTHONPATH=/workspace/install/lslidar_msgs/local/lib/python3.10/dist-packages:${PYTHONPATH} /usr/bin/cmake /workspace/src/Lslidar/lslidar_driver -DCMAKE_INSTALL_PREFIX=/workspace/install/lslidar_driver
[56.071s] Level 1:colcon.colcon_core.environment:create_environment_scripts_only(lslidar_driver)
[56.072s] Level 1:colcon.colcon_core.environment:checking '/workspace/install/lslidar_driver' for CMake module files
[56.074s] Level 1:colcon.colcon_core.environment:checking '/workspace/install/lslidar_driver' for CMake config files
[56.075s] Level 1:colcon.colcon_core.environment:checking '/workspace/install/lslidar_driver/bin'
[56.075s] Level 1:colcon.colcon_core.environment:checking '/workspace/install/lslidar_driver/lib/pkgconfig/lslidar_driver.pc'
[56.076s] Level 1:colcon.colcon_core.environment:checking '/workspace/install/lslidar_driver/lib/python3.10/site-packages'
[56.077s] Level 1:colcon.colcon_core.environment:checking '/workspace/install/lslidar_driver/bin'
[56.079s] INFO:colcon.colcon_core.shell:Creating package script '/workspace/install/lslidar_driver/share/lslidar_driver/package.ps1'
[56.082s] INFO:colcon.colcon_core.shell:Creating package descriptor '/workspace/install/lslidar_driver/share/lslidar_driver/package.dsv'
[56.084s] INFO:colcon.colcon_core.shell:Creating package script '/workspace/install/lslidar_driver/share/lslidar_driver/package.sh'
[56.086s] INFO:colcon.colcon_core.shell:Creating package script '/workspace/install/lslidar_driver/share/lslidar_driver/package.bash'
[56.088s] INFO:colcon.colcon_core.shell:Creating package script '/workspace/install/lslidar_driver/share/lslidar_driver/package.zsh'
[56.090s] Level 1:colcon.colcon_core.environment:create_file_with_runtime_dependencies(/workspace/install/lslidar_driver/share/colcon-core/packages/lslidar_driver)
[56.101s] DEBUG:colcon.colcon_parallel_executor.executor.parallel:closing loop
[56.102s] DEBUG:colcon.colcon_parallel_executor.executor.parallel:loop closed
[56.103s] DEBUG:colcon.colcon_parallel_executor.executor.parallel:run_until_complete finished with '1'
[56.103s] DEBUG:colcon.colcon_core.event_reactor:joining thread
[56.132s] INFO:colcon.colcon_core.plugin_system:Skipping extension 'colcon_notification.desktop_notification.notify_send': Could not find 'notify-send'
[56.133s] INFO:colcon.colcon_core.plugin_system:Skipping extension 'colcon_notification.desktop_notification.terminal_notifier': Not used on non-Darwin systems
[56.133s] INFO:colcon.colcon_core.plugin_system:Skipping extension 'colcon_notification.desktop_notification.win32': Not used on non-Windows systems
[56.133s] INFO:colcon.colcon_notification.desktop_notification:Sending desktop notification using 'notify2'
[56.133s] DEBUG:colcon.colcon_notification.desktop_notification.notify2:Failed to initialize notify2: org.freedesktop.DBus.Error.NotSupported: Unable to autolaunch a dbus-daemon without a $DISPLAY for X11
[56.133s] DEBUG:colcon.colcon_core.event_reactor:joined thread
[56.134s] INFO:colcon.colcon_core.shell:Creating prefix script '/workspace/install/local_setup.ps1'
[56.138s] INFO:colcon.colcon_core.shell:Creating prefix util module '/workspace/install/_local_setup_util_ps1.py'
[56.145s] INFO:colcon.colcon_core.shell:Creating prefix chain script '/workspace/install/setup.ps1'
[56.151s] INFO:colcon.colcon_core.shell:Creating prefix script '/workspace/install/local_setup.sh'
[56.154s] INFO:colcon.colcon_core.shell:Creating prefix util module '/workspace/install/_local_setup_util_sh.py'
[56.157s] INFO:colcon.colcon_core.shell:Creating prefix chain script '/workspace/install/setup.sh'
[56.162s] INFO:colcon.colcon_core.shell:Creating prefix script '/workspace/install/local_setup.bash'
[56.165s] INFO:colcon.colcon_core.shell:Creating prefix chain script '/workspace/install/setup.bash'
[56.172s] INFO:colcon.colcon_core.shell:Creating prefix script '/workspace/install/local_setup.zsh'
[56.174s] INFO:colcon.colcon_core.shell:Creating prefix chain script '/workspace/install/setup.zsh'
